<?xml version="1.0" encoding="UTF-8"?>
<robot generator="Robot 4.1.3 (Python 3.10.1 on darwin)" generated="20211226 12:30:16.777" rpa="false" schemaversion="2">
<suite id="s1" name="testCase1" source="/Users/uocak/Desktop/fireflyCaseStudy/firefly-mobile/TestCases/testCase1.robot">
<test id="s1-t1" name="Test Case 1">
<kw name="Open App" library="baseTest" type="SETUP">
<kw name="Open Application" library="AppiumLibrary">
<arg>http://127.0.0.1:4723/wd/hub</arg>
<arg>automationName=${ANDROID_AUTOMATION_NAME}</arg>
<arg>app=${ANDROID_APP}</arg>
<arg>platformName=${ANDROID_PLATFORM_NAME}</arg>
<arg>platformVersion=${ANDROID_PLATFORM_VERSION}</arg>
<arg>appPackage=${ANDROID_APP_PACKAGE}</arg>
<arg>appActivity=${appActivity}</arg>
<doc>Opens a new application to given Appium server.
Capabilities of appium server, Android and iOS,
Please check https://github.com/appium/appium/blob/master/docs/en/writing-running-appium/server-args.md
| *Option*            | *Man.* | *Description*     |
| remote_url          | Yes    | Appium server url |
| alias               | no     | alias             |</doc>
<status status="PASS" starttime="20211226 12:30:16.946" endtime="20211226 12:30:32.501"/>
</kw>
<kw name="Close Advertisement Frame" library="baseTest">
<kw name="Sleep" library="BuiltIn">
<arg>20s</arg>
<doc>Pauses the test executed for the given time.</doc>
<msg timestamp="20211226 12:30:52.503" level="INFO">Slept 20 seconds</msg>
<status status="PASS" starttime="20211226 12:30:32.502" endtime="20211226 12:30:52.503"/>
</kw>
<kw name="Run Keyword And Return Status" library="BuiltIn">
<var>${IsElementVisible}</var>
<arg>Element Should Be Visible</arg>
<arg>${FRAME_CLOSE_BTN}</arg>
<doc>Runs the given keyword with given arguments and returns the status as a Boolean value.</doc>
<kw name="Element Should Be Visible" library="AppiumLibrary">
<arg>${FRAME_CLOSE_BTN}</arg>
<doc>Verifies that element identified with locator is visible.</doc>
<status status="PASS" starttime="20211226 12:30:52.503" endtime="20211226 12:30:54.214"/>
</kw>
<msg timestamp="20211226 12:30:54.214" level="INFO">${IsElementVisible} = True</msg>
<status status="PASS" starttime="20211226 12:30:52.503" endtime="20211226 12:30:54.214"/>
</kw>
<kw name="Run Keyword If" library="BuiltIn">
<arg>${IsElementVisible}</arg>
<arg>Click Element</arg>
<arg>${FRAME_CLOSE_BTN}</arg>
<doc>Runs the given keyword with the given arguments, if ``condition`` is true.</doc>
<kw name="Click Element" library="AppiumLibrary">
<arg>${FRAME_CLOSE_BTN}</arg>
<doc>Click element identified by `locator`.</doc>
<msg timestamp="20211226 12:30:54.218" level="INFO">Clicking element '//android.widget.ImageButton[@content-desc="close"]'.</msg>
<status status="PASS" starttime="20211226 12:30:54.215" endtime="20211226 12:30:55.354"/>
</kw>
<status status="PASS" starttime="20211226 12:30:54.215" endtime="20211226 12:30:55.354"/>
</kw>
<status status="PASS" starttime="20211226 12:30:32.501" endtime="20211226 12:30:55.355"/>
</kw>
<status status="PASS" starttime="20211226 12:30:16.945" endtime="20211226 12:30:55.355"/>
</kw>
<kw name="Search Product" library="homePageActions">
<arg>bluetooth kulaklık</arg>
<kw name="Wait And Click" library="baseTest">
<arg>${SEARCH_BOX_BTN}</arg>
<kw name="Wait Until Element Is Visible" library="AppiumLibrary">
<arg>${selector}</arg>
<arg>timeout=30</arg>
<doc>Waits until element specified with `locator` is visible.</doc>
<status status="PASS" starttime="20211226 12:30:55.356" endtime="20211226 12:30:56.823"/>
</kw>
<kw name="Click Element" library="AppiumLibrary">
<arg>${selector}</arg>
<doc>Click element identified by `locator`.</doc>
<msg timestamp="20211226 12:30:56.825" level="INFO">Clicking element 'com.pozitron.hepsiburada:id/textViewSearchBox'.</msg>
<status status="PASS" starttime="20211226 12:30:56.823" endtime="20211226 12:30:56.935"/>
</kw>
<status status="PASS" starttime="20211226 12:30:55.355" endtime="20211226 12:30:56.935"/>
</kw>
<kw name="Input Text" library="AppiumLibrary">
<arg>${SEARCH_BOX_TXT}</arg>
<arg>${product}</arg>
<doc>Types the given `text` into text field identified by `locator`.</doc>
<msg timestamp="20211226 12:30:56.937" level="INFO">Typing text 'bluetooth kulaklık' into text field 'com.pozitron.hepsiburada:id/etACBSearchBox'</msg>
<status status="PASS" starttime="20211226 12:30:56.935" endtime="20211226 12:30:59.151"/>
</kw>
<kw name="Wait And Click" library="baseTest">
<arg>${SEARCH_RESULT_LABEL}</arg>
<kw name="Wait Until Element Is Visible" library="AppiumLibrary">
<arg>${selector}</arg>
<arg>timeout=30</arg>
<doc>Waits until element specified with `locator` is visible.</doc>
<status status="PASS" starttime="20211226 12:30:59.152" endtime="20211226 12:31:00.342"/>
</kw>
<kw name="Click Element" library="AppiumLibrary">
<arg>${selector}</arg>
<doc>Click element identified by `locator`.</doc>
<msg timestamp="20211226 12:31:00.345" level="INFO">Clicking element '//android.widget.TextView[@text='kablosuz bluetooth kulaklık']'.</msg>
<status status="PASS" starttime="20211226 12:31:00.342" endtime="20211226 12:31:00.467"/>
</kw>
<status status="PASS" starttime="20211226 12:30:59.151" endtime="20211226 12:31:00.467"/>
</kw>
<status status="PASS" starttime="20211226 12:30:55.355" endtime="20211226 12:31:00.467"/>
</kw>
<kw name="Click Filter Button" library="homePageActions">
<kw name="Wait And Click" library="baseTest">
<arg>${FILTER_BTN}</arg>
<kw name="Wait Until Element Is Visible" library="AppiumLibrary">
<arg>${selector}</arg>
<arg>timeout=30</arg>
<doc>Waits until element specified with `locator` is visible.</doc>
<status status="PASS" starttime="20211226 12:31:00.468" endtime="20211226 12:31:02.774"/>
</kw>
<kw name="Click Element" library="AppiumLibrary">
<arg>${selector}</arg>
<doc>Click element identified by `locator`.</doc>
<msg timestamp="20211226 12:31:02.776" level="INFO">Clicking element 'com.pozitron.hepsiburada:id/tv_product_list_options_bar_filter'.</msg>
<status status="PASS" starttime="20211226 12:31:02.774" endtime="20211226 12:31:02.883"/>
</kw>
<status status="PASS" starttime="20211226 12:31:00.468" endtime="20211226 12:31:02.883"/>
</kw>
<status status="PASS" starttime="20211226 12:31:00.467" endtime="20211226 12:31:02.883"/>
</kw>
<kw name="Select Filter" library="filterPageActions">
<arg>Marka</arg>
<kw name="Wait Until Page Contains" library="AppiumLibrary">
<arg>${FILTER_PAGE_TITLE}</arg>
<arg>timeout=30</arg>
<doc>Waits until `text` appears on current page.</doc>
<status status="PASS" starttime="20211226 12:31:02.884" endtime="20211226 12:31:04.302"/>
</kw>
<kw name="Wait Until Page Contains" library="AppiumLibrary">
<arg>${SHOW_PRODUCT_BTN}</arg>
<arg>timeout=30</arg>
<doc>Waits until `text` appears on current page.</doc>
<status status="PASS" starttime="20211226 12:31:04.302" endtime="20211226 12:31:04.355"/>
</kw>
<kw name="Wait And Click" library="baseTest">
<arg>//android.widget.TextView[@text='${filterName}']</arg>
<kw name="Wait Until Element Is Visible" library="AppiumLibrary">
<arg>${selector}</arg>
<arg>timeout=30</arg>
<doc>Waits until element specified with `locator` is visible.</doc>
<status status="PASS" starttime="20211226 12:31:04.355" endtime="20211226 12:31:04.428"/>
</kw>
<kw name="Click Element" library="AppiumLibrary">
<arg>${selector}</arg>
<doc>Click element identified by `locator`.</doc>
<msg timestamp="20211226 12:31:04.430" level="INFO">Clicking element '//android.widget.TextView[@text='Marka']'.</msg>
<status status="PASS" starttime="20211226 12:31:04.428" endtime="20211226 12:31:04.535"/>
</kw>
<status status="PASS" starttime="20211226 12:31:04.355" endtime="20211226 12:31:04.536"/>
</kw>
<status status="PASS" starttime="20211226 12:31:02.883" endtime="20211226 12:31:04.536"/>
</kw>
<kw name="Input Filter Text" library="filterPageActions">
<arg>JBL</arg>
<kw name="Wait Until Element Is Visible" library="AppiumLibrary">
<arg>${SEARCH_TXT}</arg>
<arg>timeout=30</arg>
<doc>Waits until element specified with `locator` is visible.</doc>
<status status="PASS" starttime="20211226 12:31:04.536" endtime="20211226 12:31:05.749"/>
</kw>
<kw name="Wait And Click" library="baseTest">
<arg>${SEARCH_TXT}</arg>
