<?xml version="1.0" encoding="UTF-8"?>
<robot generator="Robot 4.1.3 (Python 3.10.1 on darwin)" generated="20211226 11:34:12.719" rpa="false" schemaversion="2">
<suite id="s1" name="testCase1" source="/Users/uocak/Desktop/fireflyCaseStudy/firefly-mobile/TestCases/testCase1.robot">
<test id="s1-t1" name="Test Case 1">
<kw name="Open App" library="resource" type="SETUP">
<kw name="Open Application" library="AppiumLibrary">
<arg>http://127.0.0.1:4723/wd/hub</arg>
<arg>automationName=${ANDROID_AUTOMATION_NAME}</arg>
<arg>app=${ANDROID_APP}</arg>
<arg>platformName=${ANDROID_PLATFORM_NAME}</arg>
<arg>platformVersion=${ANDROID_PLATFORM_VERSION}</arg>
<arg>appPackage=${ANDROID_APP_PACKAGE}</arg>
<arg>appActivity=${appActivity}</arg>
<doc>Opens a new application to given Appium server.
Capabilities of appium server, Android and iOS,
Please check https://github.com/appium/appium/blob/master/docs/en/writing-running-appium/server-args.md
| *Option*            | *Man.* | *Description*     |
| remote_url          | Yes    | Appium server url |
| alias               | no     | alias             |</doc>
<status status="PASS" starttime="20211226 11:34:12.923" endtime="20211226 11:34:30.659"/>
</kw>
<kw name="Close Advertisement Frame" library="resource">
<kw name="Sleep" library="BuiltIn">
<arg>20s</arg>
<doc>Pauses the test executed for the given time.</doc>
<msg timestamp="20211226 11:34:50.660" level="INFO">Slept 20 seconds</msg>
<status status="PASS" starttime="20211226 11:34:30.660" endtime="20211226 11:34:50.660"/>
</kw>
<kw name="Run Keyword And Return Status" library="BuiltIn">
<var>${IsElementVisible}</var>
<arg>Element Should Be Visible</arg>
<arg>${FRAME_CLOSE_BTN}</arg>
<doc>Runs the given keyword with given arguments and returns the status as a Boolean value.</doc>
<kw name="Element Should Be Visible" library="AppiumLibrary">
<arg>${FRAME_CLOSE_BTN}</arg>
<doc>Verifies that element identified with locator is visible.</doc>
<status status="PASS" starttime="20211226 11:34:50.661" endtime="20211226 11:34:51.710"/>
</kw>
<msg timestamp="20211226 11:34:51.710" level="INFO">${IsElementVisible} = True</msg>
<status status="PASS" starttime="20211226 11:34:50.661" endtime="20211226 11:34:51.710"/>
</kw>
<kw name="Run Keyword If" library="BuiltIn">
<arg>${IsElementVisible}</arg>
<arg>Click Element</arg>
<arg>${FRAME_CLOSE_BTN}</arg>
<doc>Runs the given keyword with the given arguments, if ``condition`` is true.</doc>
<kw name="Click Element" library="AppiumLibrary">
<arg>${FRAME_CLOSE_BTN}</arg>
<doc>Click element identified by `locator`.</doc>
<msg timestamp="20211226 11:34:51.713" level="INFO">Clicking element '//android.widget.ImageButton[@content-desc="close"]'.</msg>
<status status="PASS" starttime="20211226 11:34:51.711" endtime="20211226 11:34:53.372"/>
</kw>
<status status="PASS" starttime="20211226 11:34:51.710" endtime="20211226 11:34:53.372"/>
</kw>
<status status="PASS" starttime="20211226 11:34:30.659" endtime="20211226 11:34:53.372"/>
</kw>
<status status="PASS" starttime="20211226 11:34:12.923" endtime="20211226 11:34:53.372"/>
</kw>
<kw name="Search Product" library="homePageActions">
<arg>bluetooth kulaklık</arg>
<kw name="Wait And Click" library="resource">
<arg>${SEARCH_BOX_BTN}</arg>
<kw name="Wait Until Element Is Visible" library="AppiumLibrary">
<arg>${selector}</arg>
<arg>timeout=30</arg>
<doc>Waits until element specified with `locator` is visible.</doc>
<status status="PASS" starttime="20211226 11:34:53.373" endtime="20211226 11:34:54.297"/>
</kw>
<kw name="Click Element" library="AppiumLibrary">
<arg>${selector}</arg>
<doc>Click element identified by `locator`.</doc>
<msg timestamp="20211226 11:34:54.299" level="INFO">Clicking element 'com.pozitron.hepsiburada:id/textViewSearchBox'.</msg>
<status status="PASS" starttime="20211226 11:34:54.297" endtime="20211226 11:34:54.520"/>
</kw>
<status status="PASS" starttime="20211226 11:34:53.373" endtime="20211226 11:34:54.521"/>
</kw>
<kw name="Input Text" library="AppiumLibrary">
<arg>${SEARCH_BOX_TXT}</arg>
<arg>${product}</arg>
<doc>Types the given `text` into text field identified by `locator`.</doc>
<msg timestamp="20211226 11:34:54.523" level="INFO">Typing text 'bluetooth kulaklık' into text field 'com.pozitron.hepsiburada:id/etACBSearchBox'</msg>
<status status="PASS" starttime="20211226 11:34:54.521" endtime="20211226 11:34:57.202"/>
</kw>
<kw name="Wait And Click" library="resource">
<arg>${SEARCH_RESULT_LABEL}</arg>
<kw name="Wait Until Element Is Visible" library="AppiumLibrary">
<arg>${selector}</arg>
<arg>timeout=30</arg>
<doc>Waits until element specified with `locator` is visible.</doc>
<status status="PASS" starttime="20211226 11:34:57.202" endtime="20211226 11:34:58.277"/>
</kw>
<kw name="Click Element" library="AppiumLibrary">
<arg>${selector}</arg>
<doc>Click element identified by `locator`.</doc>
<msg timestamp="20211226 11:34:58.279" level="INFO">Clicking element '//android.widget.TextView[@text='kablosuz bluetooth kulaklık']'.</msg>
<status status="PASS" starttime="20211226 11:34:58.277" endtime="20211226 11:34:58.365"/>
</kw>
<status status="PASS" starttime="20211226 11:34:57.202" endtime="20211226 11:34:58.366"/>
</kw>
<status status="PASS" starttime="20211226 11:34:53.373" endtime="20211226 11:34:58.366"/>
</kw>
<kw name="Click Filter Button" library="homePageActions">
<kw name="Wait And Click" library="resource">
<arg>${FILTER_BTN}</arg>
<kw name="Wait Until Element Is Visible" library="AppiumLibrary">
<arg>${selector}</arg>
<arg>timeout=30</arg>
<doc>Waits until element specified with `locator` is visible.</doc>
<status status="PASS" starttime="20211226 11:34:58.367" endtime="20211226 11:35:00.423"/>
</kw>
<kw name="Click Element" library="AppiumLibrary">
<arg>${selector}</arg>
<doc>Click element identified by `locator`.</doc>
<msg timestamp="20211226 11:35:00.426" level="INFO">Clicking element 'com.pozitron.hepsiburada:id/tv_product_list_options_bar_filter'.</msg>
<status status="PASS" starttime="20211226 11:35:00.423" endtime="20211226 11:35:00.549"/>
</kw>
<status status="PASS" starttime="20211226 11:34:58.366" endtime="20211226 11:35:00.549"/>
</kw>
<status status="PASS" starttime="20211226 11:34:58.366" endtime="20211226 11:35:00.549"/>
</kw>
<kw name="Select Filter" library="filterPageActions">
<arg>Marka</arg>
<kw name="Wait Until Page Contains" library="AppiumLibrary">
<arg>${FILTER_PAGE_TITLE}</arg>
<arg>timeout=30</arg>
<doc>Waits until `text` appears on current page.</doc>
<status status="PASS" starttime="20211226 11:35:00.550" endtime="20211226 11:35:02.517"/>
</kw>
<kw name="Wait Until Page Contains" library="AppiumLibrary">
<arg>${SHOW_PRODUCT_BTN}</arg>
<arg>timeout=30</arg>
<doc>Waits until `text` appears on current page.</doc>
<status status="PASS" starttime="20211226 11:35:02.517" endtime="20211226 11:35:02.566"/>
</kw>
<kw name="Wait And Click" library="resource">
<arg>//android.widget.TextView[@text='${filterName}']</arg>
<kw name="Wait Until Element Is Visible" library="AppiumLibrary">
<arg>${selector}</arg>
<arg>timeout=30</arg>
<doc>Waits until element specified with `locator` is visible.</doc>
<status status="PASS" starttime="20211226 11:35:02.566" endtime="20211226 11:35:02.633"/>
</kw>
<kw name="Click Element" library="AppiumLibrary">
<arg>${selector}</arg>
<doc>Click element identified by `locator`.</doc>
<msg timestamp="20211226 11:35:02.635" level="INFO">Clicking element '//android.widget.TextView[@text='Marka']'.</msg>
<status status="PASS" starttime="20211226 11:35:02.633" endtime="20211226 11:35:02.751"/>
</kw>
<status status="PASS" starttime="20211226 11:35:02.566" endtime="20211226 11:35:02.751"/>
</kw>
<status status="PASS" starttime="20211226 11:35:00.549" endtime="20211226 11:35:02.751"/>
</kw>
<kw name="Input Filter Text" library="filterPageActions">
<arg>JBL</arg>
<kw name="Wait Until Element Is Visible" library="AppiumLibrary">
<arg>${SEARCH_TXT}</arg>
<arg>timeout=30</arg>
<doc>Waits until element specified with `locator` is visible.</doc>
<status status="PASS" starttime="20211226 11:35:02.752" endtime="20211226 11:35:03.968"/>
</kw>
<kw name="Wait And Click" library="resource">
<arg>${SEARCH_TXT}</arg>
<kw name="Wait Until Element Is Visible" library="AppiumLibrary">
<arg>${selector}</arg>
<arg>timeout=30</arg>
<doc>Waits until element specified with `locator` is visible.</doc>
<status status="PASS" starttime="20211226 11:35:03.969" endtime="20211226 11:35:04.052"/>
</kw>
<kw name="Click Element" library="AppiumLibrary">
<arg>${selector}</arg>
<doc>Click element identified by `locator`.</doc>
<msg timestamp="20211226 11:35:04.054" level="INFO">Clicking element 'com.pozitron.hepsiburada:id/search_src_text'.</msg>
<status status="PASS" starttime="20211226 11:35:04.052" endtime="20211226 11:35:05.470"/>
</kw>
<status status="PASS" starttime="20211226 11:35:03.968" endtime="20211226 11:35:05.470"/>
</kw>
<kw name="Input Text" library="AppiumLibrary">
<arg>${SEARCH_TXT}</arg>
<arg>${filterText}</arg>
<doc>Types the given `text` into text field identified by `locator`.</doc>
<msg timestamp="20211226 11:35:05.472" level="INFO">Typing text 'JBL' into text field 'com.pozitron.hepsiburada:id/search_src_text'</msg>
<status status="PASS" starttime="20211226 11:35:05.470" endtime="20211226 11:35:05.573"/>
</kw>
<status status="PASS" starttime="20211226 11:35:02.751" endtime="20211226 11:35:05.573"/>
</kw>
<kw name="Select Filter Result" library="filterPageActions">
<arg>JBL</arg>
<kw name="Wait Until Page Contains" library="AppiumLibrary">
<arg>${APPLY_BTN}</arg>
<arg>timeout=30</arg>
<doc>Waits until `text` appears on current page.</doc>
<status status="PASS" starttime="20211226 11:35:05.574" endtime="20211226 11:35:06.331"/>
</kw>
<kw name="Wait And Click" library="resource">
<arg>//android.widget.TextView[@text='${filterResultText}']</arg>
<kw name="Wait Until Element Is Visible" library="AppiumLibrary">
<arg>${selector}</arg>
<arg>timeout=30</arg>
<doc>Waits until element specified with `locator` is visible.</doc>
<status status="PASS" starttime="20211226 11:35:06.331" endtime="20211226 11:35:06.369"/>
</kw>
<kw name="Click Element" library="AppiumLibrary">
<arg>${selector}</arg>
<doc>Click element identified by `locator`.</doc>
<msg timestamp="20211226 11:35:06.371" level="INFO">Clicking element '//android.widget.TextView[@text='JBL']'.</msg>
<status status="PASS" starttime="20211226 11:35:06.369" endtime="20211226 11:35:06.448"/>
</kw>
<status status="PASS" starttime="20211226 11:35:06.331" endtime="20211226 11:35:06.448"/>
</kw>
<status status="PASS" starttime="20211226 11:35:05.574" endtime="20211226 11:35:06.448"/>
</kw>
<kw name="Click Apply Button" library="filterPageActions">
<kw name="Wait And Click" library="resource">
<arg>${APPLY_BTN}</arg>
<kw name="Wait Until Element Is Visible" library="AppiumLibrary">
<arg>${selector}</arg>
<arg>timeout=30</arg>
<doc>Waits until element specified with `locator` is visible.</doc>
<status status="PASS" starttime="20211226 11:35:06.449" endtime="20211226 11:35:07.128"/>
</kw>
<kw name="Click Element" library="AppiumLibrary">
<arg>${selector}</arg>
<doc>Click element identified by `locator`.</doc>
<msg timestamp="20211226 11:35:07.130" level="INFO">Clicking element 'com.pozitron.hepsiburada:id/btn_filters_apply'.</msg>
<status status="PASS" starttime="20211226 11:35:07.128" endtime="20211226 11:35:07.199"/>
</kw>
<status status="PASS" starttime="20211226 11:35:06.449" endtime="20211226 11:35:07.200"/>
</kw>
<status status="PASS" starttime="20211226 11:35:06.448" endtime="20211226 11:35:07.200"/>
</kw>
<kw name="Select Filter" library="filterPageActions">
<arg>Renk</arg>
<kw name="Wait Until Page Contains" library="AppiumLibrary">
<arg>${FILTER_PAGE_TITLE}</arg>
<arg>timeout=30</arg>
<doc>Waits until `text` appears on current page.</doc>
<status status="PASS" starttime="20211226 11:35:07.200" endtime="20211226 11:35:07.295"/>
</kw>
<kw name="Wait Until Page Contains" library="AppiumLibrary">
<arg>${SHOW_PRODUCT_BTN}</arg>
<arg>timeout=30</arg>
<doc>Waits until `text` appears on current page.</doc>
<status status="PASS" starttime="20211226 11:35:07.295" endtime="20211226 11:35:09.047"/>
</kw>
<kw name="Wait And Click" library="resource">
<arg>//android.widget.TextView[@text='${filterName}']</arg>
<kw name="Wait Until Element Is Visible" library="AppiumLibrary">
<arg>${selector}</arg>
<arg>timeout=30</arg>
<doc>Waits until element specified with `locator` is visible.</doc>
<status status="PASS" starttime="20211226 11:35:09.048" endtime="20211226 11:35:09.090"/>
</kw>
<kw name="Click Element" library="AppiumLibrary">
<arg>${selector}</arg>
<doc>Click element identified by `locator`.</doc>
<msg timestamp="20211226 11:35:09.092" level="INFO">Clicking element '//android.widget.TextView[@text='Renk']'.</msg>
<status status="PASS" starttime="20211226 11:35:09.091" endtime="20211226 11:35:09.181"/>
</kw>
<status status="PASS" starttime="20211226 11:35:09.047" endtime="20211226 11:35:09.182"/>
</kw>
<status status="PASS" starttime="20211226 11:35:07.200" endtime="20211226 11:35:09.182"/>
</kw>
<kw name="Select Filter Result" library="filterPageActions">
<arg>Siyah</arg>
<kw name="Wait Until Page Contains" library="AppiumLibrary">
<arg>${APPLY_BTN}</arg>
<arg>timeout=30</arg>
<doc>Waits until `text` appears on current page.</doc>
<status status="PASS" starttime="20211226 11:35:09.182" endtime="20211226 11:35:10.372"/>
</kw>
<kw name="Wait And Click" library="resource">
<arg>//android.widget.TextView[@text='${filterResultText}']</arg>
<kw name="Wait Until Element Is Visible" library="AppiumLibrary">
<arg>${selector}</arg>
<arg>timeout=30</arg>
<doc>Waits until element specified with `locator` is visible.</doc>
<status status="PASS" starttime="20211226 11:35:10.372" endtime="20211226 11:35:10.437"/>
</kw>
<kw name="Click Element" library="AppiumLibrary">
<arg>${selector}</arg>
<doc>Click element identified by `locator`.</doc>
<msg timestamp="20211226 11:35:10.438" level="INFO">Clicking element '//android.widget.TextView[@text='Siyah']'.</msg>
<status status="PASS" starttime="20211226 11:35:10.437" endtime="20211226 11:35:10.551"/>
</kw>
<status status="PASS" starttime="20211226 11:35:10.372" endtime="20211226 11:35:10.551"/>
</kw>
<status status="PASS" starttime="20211226 11:35:09.182" endtime="20211226 11:35:10.551"/>
</kw>
<kw name="Click Apply Button" library="filterPageActions">
<kw name="Wait And Click" library="resource">
<arg>${APPLY_BTN}</arg>
<kw name="Wait Until Element Is Visible" library="AppiumLibrary">
<arg>${selector}</arg>
<arg>timeout=30</arg>
<doc>Waits until element specified with `locator` is visible.</doc>
<status status="PASS" starttime="20211226 11:35:10.553" endtime="20211226 11:35:11.183"/>
</kw>
<kw name="Click Element" library="AppiumLibrary">
<arg>${selector}</arg>
<doc>Click element identified by `locator`.</doc>
<msg timestamp="20211226 11:35:11.185" level="INFO">Clicking element 'com.pozitron.hepsiburada:id/btn_filters_apply'.</msg>
<status status="PASS" starttime="20211226 11:35:11.183" endtime="20211226 11:35:11.300"/>
</kw>
<status status="PASS" starttime="20211226 11:35:10.552" endtime="20211226 11:35:11.300"/>
</kw>
<status status="PASS" starttime="20211226 11:35:10.552" endtime="20211226 11:35:11.300"/>
</kw>
<kw name="Select Filter" library="filterPageActions">
<arg>Fiyat Aralığı</arg>
<kw name="Wait Until Page Contains" library="AppiumLibrary">
<arg>${FILTER_PAGE_TITLE}</arg>
<arg>timeout=30</arg>
<doc>Waits until `text` appears on current page.</doc>
<status status="PASS" starttime="20211226 11:35:11.301" endtime="20211226 11:35:11.420"/>
</kw>
<kw name="Wait Until Page Contains" library="AppiumLibrary">
<arg>${SHOW_PRODUCT_BTN}</arg>
<arg>timeout=30</arg>
<doc>Waits until `text` appears on current page.</doc>
<status status="PASS" starttime="20211226 11:35:11.421" endtime="20211226 11:35:12.833"/>
</kw>
<kw name="Wait And Click" library="resource">
<arg>//android.widget.TextView[@text='${filterName}']</arg>
<kw name="Wait Until Element Is Visible" library="AppiumLibrary">
<arg>${selector}</arg>
<arg>timeout=30</arg>
<doc>Waits until element specified with `locator` is visible.</doc>
<status status="PASS" starttime="20211226 11:35:12.834" endtime="20211226 11:35:12.892"/>
</kw>
<kw name="Click Element" library="AppiumLibrary">
<arg>${selector}</arg>
<doc>Click element identified by `locator`.</doc>
<msg timestamp="20211226 11:35:12.894" level="INFO">Clicking element '//android.widget.TextView[@text='Fiyat Aralığı']'.</msg>
<status status="PASS" starttime="20211226 11:35:12.892" endtime="20211226 11:35:12.998"/>
</kw>
<status status="PASS" starttime="20211226 11:35:12.834" endtime="20211226 11:35:12.998"/>
</kw>
<status status="PASS" starttime="20211226 11:35:11.300" endtime="20211226 11:35:12.998"/>
</kw>
<kw name="Select Filter Result" library="filterPageActions">
<arg>500 - 750 TL</arg>
<kw name="Wait Until Page Contains" library="AppiumLibrary">
<arg>${APPLY_BTN}</arg>
<arg>timeout=30</arg>
<doc>Waits until `text` appears on current page.</doc>
<status status="PASS" starttime="20211226 11:35:12.999" endtime="20211226 11:35:14.183"/>
</kw>
<kw name="Wait And Click" library="resource">
<arg>//android.widget.TextView[@text='${filterResultText}']</arg>
<kw name="Wait Until Element Is Visible" library="AppiumLibrary">
<arg>${selector}</arg>
<arg>timeout=30</arg>
<doc>Waits until element specified with `locator` is visible.</doc>
<status status="PASS" starttime="20211226 11:35:14.184" endtime="20211226 11:35:14.247"/>
</kw>
<kw name="Click Element" library="AppiumLibrary">
<arg>${selector}</arg>
<doc>Click element identified by `locator`.</doc>
<msg timestamp="20211226 11:35:14.248" level="INFO">Clicking element '//android.widget.TextView[@text='500 - 750 TL']'.</msg>
<status status="PASS" starttime="20211226 11:35:14.247" endtime="20211226 11:35:14.316"/>
</kw>
<status status="PASS" starttime="20211226 11:35:14.184" endtime="20211226 11:35:14.316"/>
</kw>
<status status="PASS" starttime="20211226 11:35:12.999" endtime="20211226 11:35:14.316"/>
</kw>
<kw name="Click Apply Button" library="filterPageActions">
<kw name="Wait And Click" library="resource">
<arg>${APPLY_BTN}</arg>
<kw name="Wait Until Element Is Visible" library="AppiumLibrary">
<arg>${selector}</arg>
<arg>timeout=30</arg>
<doc>Waits until element specified with `locator` is visible.</doc>
<status status="PASS" starttime="20211226 11:35:14.317" endtime="20211226 11:35:14.950"/>
</kw>
<kw name="Click Element" library="AppiumLibrary">
<arg>${selector}</arg>
<doc>Click element identified by `locator`.</doc>
<msg timestamp="20211226 11:35:14.952" level="INFO">Clicking element 'com.pozitron.hepsiburada:id/btn_filters_apply'.</msg>
<status status="PASS" starttime="20211226 11:35:14.950" endtime="20211226 11:35:15.099"/>
</kw>
<status status="PASS" starttime="20211226 11:35:14.317" endtime="20211226 11:35:15.100"/>
</kw>
<status status="PASS" starttime="20211226 11:35:14.316" endtime="20211226 11:35:15.100"/>
</kw>
<kw name="Selected Filters Check" library="filterPageActions">
<arg>Marka</arg>
<arg>JBL</arg>
<kw name="Wait Until Page Contains" library="AppiumLibrary">
<arg>${SHOW_PRODUCT_BTN}</arg>
<arg>timeout=30</arg>
<doc>Waits until `text` appears on current page.</doc>
<status status="PASS" starttime="20211226 11:35:15.100" endtime="20211226 11:35:16.742"/>
</kw>
<kw name="Element Should Be Visible" library="AppiumLibrary">
<arg>//android.widget.TextView[@text='${filterName}']</arg>
<arg>timeout=30</arg>
<doc>Verifies that element identified with locator is visible.</doc>
<status status="PASS" starttime="20211226 11:35:16.742" endtime="20211226 11:35:16.786"/>
</kw>
<kw name="Element Should Be Visible" library="AppiumLibrary">
<arg>//android.widget.TextView[@text='${filterText}']</arg>
<arg>timeout=30</arg>
<doc>Verifies that element identified with locator is visible.</doc>
<status status="PASS" starttime="20211226 11:35:16.786" endtime="20211226 11:35:16.843"/>
</kw>
<status status="PASS" starttime="20211226 11:35:15.100" endtime="20211226 11:35:16.843"/>
</kw>
<kw name="Selected Filters Check" library="filterPageActions">
<arg>Renk</arg>
<arg>Siyah</arg>
<kw name="Wait Until Page Contains" library="AppiumLibrary">
<arg>${SHOW_PRODUCT_BTN}</arg>
<arg>timeout=30</arg>
<doc>Waits until `text` appears on current page.</doc>
<status status="PASS" starttime="20211226 11:35:16.843" endtime="20211226 11:35:16.873"/>
</kw>
<kw name="Element Should Be Visible" library="AppiumLibrary">
<arg>//android.widget.TextView[@text='${filterName}']</arg>
<arg>timeout=30</arg>
<doc>Verifies that element identified with locator is visible.</doc>
<status status="PASS" starttime="20211226 11:35:16.873" endtime="20211226 11:35:16.925"/>
</kw>
<kw name="Element Should Be Visible" library="AppiumLibrary">
<arg>//android.widget.TextView[@text='${filterText}']</arg>
<arg>timeout=30</arg>
<doc>Verifies that element identified with locator is visible.</doc>
<status status="PASS" starttime="20211226 11:35:16.925" endtime="20211226 11:35:16.973"/>
</kw>
<status status="PASS" starttime="20211226 11:35:16.843" endtime="20211226 11:35:16.973"/>
</kw>
<kw name="Selected Filters Check" library="filterPageActions">
<arg>Fiyat Aralığı</arg>
<arg>500 - 750 TL</arg>
<kw name="Wait Until Page Contains" library="AppiumLibrary">
<arg>${SHOW_PRODUCT_BTN}</arg>
<arg>timeout=30</arg>
<doc>Waits until `text` appears on current page.</doc>
<status status="PASS" starttime="20211226 11:35:16.973" endtime="20211226 11:35:17.013"/>
</kw>
<kw name="Element Should Be Visible" library="AppiumLibrary">
<arg>//android.widget.TextView[@text='${filterName}']</arg>
<arg>timeout=30</arg>
<doc>Verifies that element identified with locator is visible.</doc>
<status status="PASS" starttime="20211226 11:35:17.013" endtime="20211226 11:35:17.061"/>
</kw>
<kw name="Element Should Be Visible" library="AppiumLibrary">
<arg>//android.widget.TextView[@text='${filterText}']</arg>
<arg>timeout=30</arg>
<doc>Verifies that element identified with locator is visible.</doc>
<status status="PASS" starttime="20211226 11:35:17.061" endtime="20211226 11:35:17.104"/>
</kw>
<status status="PASS" starttime="20211226 11:35:16.973" endtime="20211226 11:35:17.104"/>
</kw>
<kw name="Click Show Product Button" library="filterPageActions">
<kw name="Wait And Click" library="resource">
<arg>${SHOW_PRODUCT_BTN}</arg>
<kw name="Wait Until Element Is Visible" library="AppiumLibrary">
<arg>${selector}</arg>
<arg>timeout=30</arg>
<doc>Waits until element specified with `locator` is visible.</doc>
<status status="PASS" starttime="20211226 11:35:17.105" endtime="20211226 11:35:17.150"/>
</kw>
<kw name="Click Element" library="AppiumLibrary">
<arg>${selector}</arg>
<doc>Click element identified by `locator`.</doc>
<msg timestamp="20211226 11:35:17.152" level="INFO">Clicking element 'com.pozitron.hepsiburada:id/btn_filters_main_close'.</msg>
<status status="PASS" starttime="20211226 11:35:17.150" endtime="20211226 11:35:17.217"/>
</kw>
<status status="PASS" starttime="20211226 11:35:17.104" endtime="20211226 11:35:17.217"/>
</kw>
<status status="PASS" starttime="20211226 11:35:17.104" endtime="20211226 11:35:17.217"/>
</kw>
<kw name="Select Product From Result List" library="homePageActions">
<kw name="Wait Until Page Contains" library="AppiumLibrary">
<arg>${FILTER_BTN}</arg>
<arg>timeout=30</arg>
<doc>Waits until `text` appears on current page.</doc>
<status status="PASS" starttime="20211226 11:35:17.218" endtime="20211226 11:35:19.687"/>
</kw>
<kw name="Wait And Click" library="resource">
<arg>${PRODUCT_RESULT_LST}</arg>
<kw name="Wait Until Element Is Visible" library="AppiumLibrary">
<arg>${selector}</arg>
<arg>timeout=30</arg>
<doc>Waits until element specified with `locator` is visible.</doc>
<status status="PASS" starttime="20211226 11:35:19.688" endtime="20211226 11:35:19.752"/>
</kw>
<kw name="Click Element" library="AppiumLibrary">
<arg>${selector}</arg>
<doc>Click element identified by `locator`.</doc>
<msg timestamp="20211226 11:35:19.753" level="INFO">Clicking element '//android.widget.ImageView[@content-desc="ürün fotoğrafı"][1]'.</msg>
<status status="PASS" starttime="20211226 11:35:19.752" endtime="20211226 11:35:19.848"/>
</kw>
<status status="PASS" starttime="20211226 11:35:19.687" endtime="20211226 11:35:19.848"/>
</kw>
<status status="PASS" starttime="20211226 11:35:17.217" endtime="20211226 11:35:19.848"/>
</kw>
<kw name="Click Add To Cart Button" library="productPageActions">
<kw name="Wait And Click" library="resource">
<arg>${ADD_TO_CART_BTN}</arg>
<kw name="Wait Until Element Is Visible" library="AppiumLibrary">
<arg>${selector}</arg>
<arg>timeout=30</arg>
<doc>Waits until element specified with `locator` is visible.</doc>
<status status="PASS" starttime="20211226 11:35:19.849" endtime="20211226 11:35:50.853"/>
</kw>
<kw name="Click Element" library="AppiumLibrary">
<arg>${selector}</arg>
<doc>Click element identified by `locator`.</doc>
<msg timestamp="20211226 11:35:50.855" level="INFO">Clicking element 'com.pozitron.hepsiburada:id/product_detail_add_to_cart_text'.</msg>
<kw name="Capture Page Screenshot" library="AppiumLibrary">
<doc>Takes a screenshot of the current page and embeds it into the log.</doc>
<status status="FAIL" starttime="20211226 11:36:11.559" endtime="20211226 11:36:11.559"/>
</kw>
<msg timestamp="20211226 11:36:11.562" level="WARN">Keyword 'Capture Page Screenshot' could not be run on failure: Execution terminated by signal</msg>
<status status="FAIL" starttime="20211226 11:35:50.853" endtime="20211226 11:36:11.562"/>
</kw>
<status status="FAIL" starttime="20211226 11:35:19.849" endtime="20211226 11:36:11.563"/>
</kw>
<status status="FAIL" starttime="20211226 11:35:19.849" endtime="20211226 11:36:11.563"/>
</kw>
<kw name="Check Add To Cart Message" library="productPageActions">
<arg>Ürün sepetinizde</arg>
<status status="NOT RUN" starttime="20211226 11:36:11.563" endtime="20211226 11:36:11.563"/>
</kw>
<kw name="Click Go To Basket Button" library="productPageActions">
<status status="NOT RUN" starttime="20211226 11:36:11.564" endtime="20211226 11:36:11.564"/>
</kw>
<kw name="Check Basket Page Is Open" library="basketPageActions">
<status status="NOT RUN" starttime="20211226 11:36:11.564" endtime="20211226 11:36:11.564"/>
</kw>
<kw name="Close App" library="resource" type="TEARDOWN">
<kw name="Close Application" library="AppiumLibrary">
<doc>Closes the current application and also close webdriver session.</doc>
<errors>
<msg timestamp="20211226 11:36:11.562" level="WARN">Keyword 'Capture Page Screenshot' could not be run on failure: Execution terminated by signal</msg>
<msg timestamp="20211226 11:36:11.706" level="ERROR">Execution stopped by user.</msg>
</errors>
</robot>
