<?xml version="1.0" encoding="UTF-8"?>
<robot generator="Robot 4.1.3 (Python 3.10.1 on darwin)" generated="20211225 20:52:37.440" rpa="false" schemaversion="2">
<suite id="s1" name="testCase1" source="/Users/uocak/Desktop/fireflyCaseStudy/firefly-mobile/TestCases/testCase1.robot">
<test id="s1-t1" name="Test Case 1">
<kw name="Open App" library="resource" type="SETUP">
<kw name="Open Application" library="AppiumLibrary">
<arg>http://127.0.0.1:4723/wd/hub</arg>
<arg>automationName=${ANDROID_AUTOMATION_NAME}</arg>
<arg>app=${ANDROID_APP}</arg>
<arg>platformName=${ANDROID_PLATFORM_NAME}</arg>
<arg>platformVersion=${ANDROID_PLATFORM_VERSION}</arg>
<arg>appPackage=${ANDROID_APP_PACKAGE}</arg>
<arg>appActivity=${appActivity}</arg>
<doc>Opens a new application to given Appium server.
Capabilities of appium server, Android and iOS,
Please check https://github.com/appium/appium/blob/master/docs/en/writing-running-appium/server-args.md
| *Option*            | *Man.* | *Description*     |
| remote_url          | Yes    | Appium server url |
| alias               | no     | alias             |</doc>
<status status="PASS" starttime="20211225 20:52:37.654" endtime="20211225 20:53:33.161"/>
</kw>
<kw name="Close Advertisement Frame" library="resource">
<kw name="Sleep" library="BuiltIn">
<arg>20s</arg>
<doc>Pauses the test executed for the given time.</doc>
<msg timestamp="20211225 20:53:53.162" level="INFO">Slept 20 seconds</msg>
<status status="PASS" starttime="20211225 20:53:33.162" endtime="20211225 20:53:53.162"/>
</kw>
<kw name="Run Keyword And Return Status" library="BuiltIn">
<var>${IsElementVisible}</var>
<arg>Element Should Be Visible</arg>
<arg>${FRAME_CLOSE_BTN}</arg>
<doc>Runs the given keyword with given arguments and returns the status as a Boolean value.</doc>
<kw name="Element Should Be Visible" library="AppiumLibrary">
<arg>${FRAME_CLOSE_BTN}</arg>
<doc>Verifies that element identified with locator is visible.</doc>
<status status="PASS" starttime="20211225 20:53:53.163" endtime="20211225 20:53:55.105"/>
</kw>
<msg timestamp="20211225 20:53:55.105" level="INFO">${IsElementVisible} = True</msg>
<status status="PASS" starttime="20211225 20:53:53.163" endtime="20211225 20:53:55.105"/>
</kw>
<kw name="Run Keyword If" library="BuiltIn">
<arg>${IsElementVisible}</arg>
<arg>Click Element</arg>
<arg>${FRAME_CLOSE_BTN}</arg>
<doc>Runs the given keyword with the given arguments, if ``condition`` is true.</doc>
<kw name="Click Element" library="AppiumLibrary">
<arg>${FRAME_CLOSE_BTN}</arg>
<doc>Click element identified by `locator`.</doc>
<msg timestamp="20211225 20:53:55.109" level="INFO">Clicking element '//android.widget.ImageButton[@content-desc="close"]'.</msg>
<status status="PASS" starttime="20211225 20:53:55.106" endtime="20211225 20:53:57.531"/>
</kw>
<status status="PASS" starttime="20211225 20:53:55.105" endtime="20211225 20:53:57.531"/>
</kw>
<status status="PASS" starttime="20211225 20:53:33.162" endtime="20211225 20:53:57.531"/>
</kw>
<status status="PASS" starttime="20211225 20:52:37.654" endtime="20211225 20:53:57.531"/>
</kw>
<kw name="Search Product" library="homePageActions">
<arg>bluetooth kulaklık</arg>
<kw name="Wait And Click" library="resource">
<arg>${SEARCH_BOX_BTN}</arg>
<kw name="Wait Until Element Is Visible" library="AppiumLibrary">
<arg>${selector}</arg>
<arg>timeout=30</arg>
<doc>Waits until element specified with `locator` is visible.</doc>
<status status="PASS" starttime="20211225 20:53:57.532" endtime="20211225 20:53:58.500"/>
</kw>
<kw name="Click Element" library="AppiumLibrary">
<arg>${selector}</arg>
<doc>Click element identified by `locator`.</doc>
<msg timestamp="20211225 20:53:58.503" level="INFO">Clicking element 'com.pozitron.hepsiburada:id/textViewSearchBox'.</msg>
<status status="PASS" starttime="20211225 20:53:58.501" endtime="20211225 20:53:58.695"/>
</kw>
<status status="PASS" starttime="20211225 20:53:57.532" endtime="20211225 20:53:58.695"/>
</kw>
<kw name="Input Text" library="AppiumLibrary">
<arg>${SEARCH_BOX_TXT}</arg>
<arg>${product}</arg>
<doc>Types the given `text` into text field identified by `locator`.</doc>
<msg timestamp="20211225 20:53:58.697" level="INFO">Typing text 'bluetooth kulaklık' into text field 'com.pozitron.hepsiburada:id/etACBSearchBox'</msg>
<status status="PASS" starttime="20211225 20:53:58.695" endtime="20211225 20:54:01.658"/>
</kw>
<kw name="Wait And Click" library="resource">
<arg>${SEARCH_RESULT_LABEL}</arg>
<kw name="Wait Until Element Is Visible" library="AppiumLibrary">
<arg>${selector}</arg>
<arg>timeout=30</arg>
<doc>Waits until element specified with `locator` is visible.</doc>
<status status="PASS" starttime="20211225 20:54:01.659" endtime="20211225 20:54:02.998"/>
</kw>
<kw name="Click Element" library="AppiumLibrary">
<arg>${selector}</arg>
<doc>Click element identified by `locator`.</doc>
<msg timestamp="20211225 20:54:03.001" level="INFO">Clicking element '//android.widget.TextView[@text='kablosuz bluetooth kulaklık']'.</msg>
<status status="PASS" starttime="20211225 20:54:02.998" endtime="20211225 20:54:03.210"/>
</kw>
<status status="PASS" starttime="20211225 20:54:01.658" endtime="20211225 20:54:03.210"/>
</kw>
<status status="PASS" starttime="20211225 20:53:57.531" endtime="20211225 20:54:03.211"/>
</kw>
<kw name="Click Filter Button" library="homePageActions">
<kw name="Wait And Click" library="resource">
<arg>${FILTER_BTN}</arg>
<kw name="Wait Until Element Is Visible" library="AppiumLibrary">
<arg>${selector}</arg>
<arg>timeout=30</arg>
<doc>Waits until element specified with `locator` is visible.</doc>
<status status="PASS" starttime="20211225 20:54:03.211" endtime="20211225 20:54:05.971"/>
</kw>
<kw name="Click Element" library="AppiumLibrary">
<arg>${selector}</arg>
<doc>Click element identified by `locator`.</doc>
<msg timestamp="20211225 20:54:05.973" level="INFO">Clicking element 'com.pozitron.hepsiburada:id/tv_product_list_options_bar_filter'.</msg>
<status status="PASS" starttime="20211225 20:54:05.971" endtime="20211225 20:54:06.134"/>
</kw>
<status status="PASS" starttime="20211225 20:54:03.211" endtime="20211225 20:54:06.135"/>
</kw>
<status status="PASS" starttime="20211225 20:54:03.211" endtime="20211225 20:54:06.135"/>
</kw>
<kw name="Select Filter" library="filterPageActions">
<arg>Marka</arg>
<kw name="Wait Until Page Contains" library="AppiumLibrary">
<arg>${FILTER_PAGE_TITLE}</arg>
<arg>timeout=30</arg>
<doc>Waits until `text` appears on current page.</doc>
<status status="PASS" starttime="20211225 20:54:06.136" endtime="20211225 20:54:07.699"/>
</kw>
<kw name="Wait Until Page Contains" library="AppiumLibrary">
<arg>${SHOW_PRODUCT_BTN}</arg>
<arg>timeout=30</arg>
<doc>Waits until `text` appears on current page.</doc>
<status status="PASS" starttime="20211225 20:54:07.699" endtime="20211225 20:54:07.742"/>
</kw>
<kw name="Wait And Click" library="resource">
<arg>//android.widget.TextView[@text='${filterName}']</arg>
<kw name="Wait Until Element Is Visible" library="AppiumLibrary">
<arg>${selector}</arg>
<arg>timeout=30</arg>
<doc>Waits until element specified with `locator` is visible.</doc>
<status status="PASS" starttime="20211225 20:54:07.743" endtime="20211225 20:54:07.811"/>
</kw>
<kw name="Click Element" library="AppiumLibrary">
<arg>${selector}</arg>
<doc>Click element identified by `locator`.</doc>
<msg timestamp="20211225 20:54:07.813" level="INFO">Clicking element '//android.widget.TextView[@text='Marka']'.</msg>
<status status="PASS" starttime="20211225 20:54:07.811" endtime="20211225 20:54:07.978"/>
</kw>
<status status="PASS" starttime="20211225 20:54:07.743" endtime="20211225 20:54:07.978"/>
</kw>
<status status="PASS" starttime="20211225 20:54:06.135" endtime="20211225 20:54:07.978"/>
</kw>
<kw name="Input Filter Text" library="filterPageActions">
<arg>JBL</arg>
<kw name="Wait Until Element Is Visible" library="AppiumLibrary">
<arg>${SEARCH_TXT}</arg>
<arg>timeout=30</arg>
<doc>Waits until element specified with `locator` is visible.</doc>
<status status="PASS" starttime="20211225 20:54:07.979" endtime="20211225 20:54:09.201"/>
</kw>
<kw name="Wait And Click" library="resource">
<arg>${SEARCH_TXT}</arg>
<kw name="Wait Until Element Is Visible" library="AppiumLibrary">
<arg>${selector}</arg>
<arg>timeout=30</arg>
<doc>Waits until element specified with `locator` is visible.</doc>
<status status="PASS" starttime="20211225 20:54:09.202" endtime="20211225 20:54:09.304"/>
</kw>
<kw name="Click Element" library="AppiumLibrary">
<arg>${selector}</arg>
<doc>Click element identified by `locator`.</doc>
<msg timestamp="20211225 20:54:09.306" level="INFO">Clicking element 'com.pozitron.hepsiburada:id/search_src_text'.</msg>
<status status="PASS" starttime="20211225 20:54:09.304" endtime="20211225 20:54:09.461"/>
</kw>
<status status="PASS" starttime="20211225 20:54:09.201" endtime="20211225 20:54:09.462"/>
</kw>
<kw name="Input Text" library="AppiumLibrary">
<arg>${SEARCH_TXT}</arg>
<arg>${filterText}</arg>
<doc>Types the given `text` into text field identified by `locator`.</doc>
<msg timestamp="20211225 20:54:09.464" level="INFO">Typing text 'JBL' into text field 'com.pozitron.hepsiburada:id/search_src_text'</msg>
<status status="PASS" starttime="20211225 20:54:09.462" endtime="20211225 20:54:10.609"/>
</kw>
<status status="PASS" starttime="20211225 20:54:07.978" endtime="20211225 20:54:10.610"/>
</kw>
<kw name="Select Filter Result" library="filterPageActions">
<arg>JBL</arg>
<kw name="Wait Until Page Contains" library="AppiumLibrary">
<arg>${APPLY_BTN}</arg>
<arg>timeout=30</arg>
<doc>Waits until `text` appears on current page.</doc>
<status status="PASS" starttime="20211225 20:54:10.610" endtime="20211225 20:54:11.492"/>
</kw>
<kw name="Wait And Click" library="resource">
<arg>//android.widget.TextView[@text='${filterResultText}']</arg>
<kw name="Wait Until Element Is Visible" library="AppiumLibrary">
<arg>${selector}</arg>
<arg>timeout=30</arg>
<doc>Waits until element specified with `locator` is visible.</doc>
<status status="PASS" starttime="20211225 20:54:11.493" endtime="20211225 20:54:11.552"/>
</kw>
<kw name="Click Element" library="AppiumLibrary">
<arg>${selector}</arg>
<doc>Click element identified by `locator`.</doc>
<msg timestamp="20211225 20:54:11.554" level="INFO">Clicking element '//android.widget.TextView[@text='JBL']'.</msg>
<status status="PASS" starttime="20211225 20:54:11.552" endtime="20211225 20:54:12.352"/>
</kw>
<status status="PASS" starttime="20211225 20:54:11.492" endtime="20211225 20:54:12.352"/>
</kw>
<status status="PASS" starttime="20211225 20:54:10.610" endtime="20211225 20:54:12.352"/>
</kw>
<kw name="Click Apply Button" library="filterPageActions">
<kw name="Wait And Click" library="resource">
<arg>${APPLY_BTN}</arg>
<kw name="Wait Until Element Is Visible" library="AppiumLibrary">
<arg>${selector}</arg>
<arg>timeout=30</arg>
<doc>Waits until element specified with `locator` is visible.</doc>
<status status="PASS" starttime="20211225 20:54:12.353" endtime="20211225 20:54:12.403"/>
</kw>
<kw name="Click Element" library="AppiumLibrary">
<arg>${selector}</arg>
<doc>Click element identified by `locator`.</doc>
<msg timestamp="20211225 20:54:12.405" level="INFO">Clicking element 'com.pozitron.hepsiburada:id/btn_filters_apply'.</msg>
<status status="PASS" starttime="20211225 20:54:12.403" endtime="20211225 20:54:12.480"/>
</kw>
<status status="PASS" starttime="20211225 20:54:12.353" endtime="20211225 20:54:12.480"/>
</kw>
<status status="PASS" starttime="20211225 20:54:12.353" endtime="20211225 20:54:12.480"/>
</kw>
<kw name="Select Filter" library="filterPageActions">
<arg>Renk</arg>
<kw name="Wait Until Page Contains" library="AppiumLibrary">
<arg>${FILTER_PAGE_TITLE}</arg>
<arg>timeout=30</arg>
<doc>Waits until `text` appears on current page.</doc>
<status status="PASS" starttime="20211225 20:54:12.480" endtime="20211225 20:54:12.592"/>
</kw>
<kw name="Wait Until Page Contains" library="AppiumLibrary">
<arg>${SHOW_PRODUCT_BTN}</arg>
<arg>timeout=30</arg>
<doc>Waits until `text` appears on current page.</doc>
<status status="PASS" starttime="20211225 20:54:12.592" endtime="20211225 20:54:14.393"/>
</kw>
<kw name="Wait And Click" library="resource">
<arg>//android.widget.TextView[@text='${filterName}']</arg>
<kw name="Wait Until Element Is Visible" library="AppiumLibrary">
<arg>${selector}</arg>
<arg>timeout=30</arg>
<doc>Waits until element specified with `locator` is visible.</doc>
<status status="PASS" starttime="20211225 20:54:14.393" endtime="20211225 20:54:14.555"/>
</kw>
<kw name="Click Element" library="AppiumLibrary">
<arg>${selector}</arg>
<doc>Click element identified by `locator`.</doc>
<msg timestamp="20211225 20:54:14.558" level="INFO">Clicking element '//android.widget.TextView[@text='Renk']'.</msg>
<status status="PASS" starttime="20211225 20:54:14.555" endtime="20211225 20:54:14.745"/>
</kw>
<status status="PASS" starttime="20211225 20:54:14.393" endtime="20211225 20:54:14.745"/>
</kw>
<status status="PASS" starttime="20211225 20:54:12.480" endtime="20211225 20:54:14.745"/>
</kw>
<kw name="Select Filter Result" library="filterPageActions">
<arg>Siyah</arg>
<kw name="Wait Until Page Contains" library="AppiumLibrary">
<arg>${APPLY_BTN}</arg>
<arg>timeout=30</arg>
<doc>Waits until `text` appears on current page.</doc>
<status status="PASS" starttime="20211225 20:54:14.746" endtime="20211225 20:54:16.093"/>
</kw>
<kw name="Wait And Click" library="resource">
<arg>//android.widget.TextView[@text='${filterResultText}']</arg>
<kw name="Wait Until Element Is Visible" library="AppiumLibrary">
<arg>${selector}</arg>
<arg>timeout=30</arg>
<doc>Waits until element specified with `locator` is visible.</doc>
<status status="PASS" starttime="20211225 20:54:16.093" endtime="20211225 20:54:16.214"/>
</kw>
<kw name="Click Element" library="AppiumLibrary">
<arg>${selector}</arg>
<doc>Click element identified by `locator`.</doc>
<msg timestamp="20211225 20:54:16.216" level="INFO">Clicking element '//android.widget.TextView[@text='Siyah']'.</msg>
<status status="PASS" starttime="20211225 20:54:16.214" endtime="20211225 20:54:16.394"/>
</kw>
<status status="PASS" starttime="20211225 20:54:16.093" endtime="20211225 20:54:16.394"/>
</kw>
<status status="PASS" starttime="20211225 20:54:14.746" endtime="20211225 20:54:16.394"/>
</kw>
<kw name="Click Apply Button" library="filterPageActions">
<kw name="Wait And Click" library="resource">
<arg>${APPLY_BTN}</arg>
<kw name="Wait Until Element Is Visible" library="AppiumLibrary">
<arg>${selector}</arg>
<arg>timeout=30</arg>
<doc>Waits until element specified with `locator` is visible.</doc>
<status status="PASS" starttime="20211225 20:54:16.395" endtime="20211225 20:54:16.988"/>
</kw>
<kw name="Click Element" library="AppiumLibrary">
<arg>${selector}</arg>
<doc>Click element identified by `locator`.</doc>
<msg timestamp="20211225 20:54:16.991" level="INFO">Clicking element 'com.pozitron.hepsiburada:id/btn_filters_apply'.</msg>
<status status="PASS" starttime="20211225 20:54:16.989" endtime="20211225 20:54:17.114"/>
</kw>
<status status="PASS" starttime="20211225 20:54:16.395" endtime="20211225 20:54:17.114"/>
</kw>
<status status="PASS" starttime="20211225 20:54:16.394" endtime="20211225 20:54:17.114"/>
</kw>
<kw name="Select Filter" library="filterPageActions">
<arg>Fiyat Aralığı</arg>
<kw name="Wait Until Page Contains" library="AppiumLibrary">
<arg>${FILTER_PAGE_TITLE}</arg>
<arg>timeout=30</arg>
<doc>Waits until `text` appears on current page.</doc>
<status status="PASS" starttime="20211225 20:54:17.115" endtime="20211225 20:54:18.292"/>
</kw>
<kw name="Wait Until Page Contains" library="AppiumLibrary">
<arg>${SHOW_PRODUCT_BTN}</arg>
<arg>timeout=30</arg>
<doc>Waits until `text` appears on current page.</doc>
<status status="PASS" starttime="20211225 20:54:18.292" endtime="20211225 20:54:18.860"/>
</kw>
<kw name="Wait And Click" library="resource">
<arg>//android.widget.TextView[@text='${filterName}']</arg>
<kw name="Wait Until Element Is Visible" library="AppiumLibrary">
<arg>${selector}</arg>
<arg>timeout=30</arg>
<doc>Waits until element specified with `locator` is visible.</doc>
<status status="PASS" starttime="20211225 20:54:18.861" endtime="20211225 20:54:18.954"/>
</kw>
<kw name="Click Element" library="AppiumLibrary">
<arg>${selector}</arg>
<doc>Click element identified by `locator`.</doc>
<msg timestamp="20211225 20:54:18.956" level="INFO">Clicking element '//android.widget.TextView[@text='Fiyat Aralığı']'.</msg>
<status status="PASS" starttime="20211225 20:54:18.954" endtime="20211225 20:54:19.061"/>
</kw>
<status status="PASS" starttime="20211225 20:54:18.860" endtime="20211225 20:54:19.061"/>
</kw>
<status status="PASS" starttime="20211225 20:54:17.114" endtime="20211225 20:54:19.062"/>
</kw>
<kw name="Select Filter Result" library="filterPageActions">
<arg>500 - 750 TL</arg>
<kw name="Wait Until Page Contains" library="AppiumLibrary">
<arg>${APPLY_BTN}</arg>
<arg>timeout=30</arg>
<doc>Waits until `text` appears on current page.</doc>
<status status="PASS" starttime="20211225 20:54:19.062" endtime="20211225 20:54:20.323"/>
</kw>
<kw name="Wait And Click" library="resource">
<arg>//android.widget.TextView[@text='${filterResultText}']</arg>
<kw name="Wait Until Element Is Visible" library="AppiumLibrary">
<arg>${selector}</arg>
<arg>timeout=30</arg>
<doc>Waits until element specified with `locator` is visible.</doc>
<status status="PASS" starttime="20211225 20:54:20.324" endtime="20211225 20:54:20.389"/>
</kw>
<kw name="Click Element" library="AppiumLibrary">
<arg>${selector}</arg>
<doc>Click element identified by `locator`.</doc>
<msg timestamp="20211225 20:54:20.390" level="INFO">Clicking element '//android.widget.TextView[@text='500 - 750 TL']'.</msg>
<status status="PASS" starttime="20211225 20:54:20.389" endtime="20211225 20:54:20.512"/>
</kw>
<status status="PASS" starttime="20211225 20:54:20.324" endtime="20211225 20:54:20.512"/>
</kw>
<status status="PASS" starttime="20211225 20:54:19.062" endtime="20211225 20:54:20.512"/>
</kw>
<kw name="Click Apply Button" library="filterPageActions">
<kw name="Wait And Click" library="resource">
<arg>${APPLY_BTN}</arg>
<kw name="Wait Until Element Is Visible" library="AppiumLibrary">
<arg>${selector}</arg>
<arg>timeout=30</arg>
<doc>Waits until element specified with `locator` is visible.</doc>
<status status="PASS" starttime="20211225 20:54:20.513" endtime="20211225 20:54:21.161"/>
</kw>
<kw name="Click Element" library="AppiumLibrary">
<arg>${selector}</arg>
<doc>Click element identified by `locator`.</doc>
<msg timestamp="20211225 20:54:21.163" level="INFO">Clicking element 'com.pozitron.hepsiburada:id/btn_filters_apply'.</msg>
<status status="PASS" starttime="20211225 20:54:21.161" endtime="20211225 20:54:21.318"/>
</kw>
<status status="PASS" starttime="20211225 20:54:20.513" endtime="20211225 20:54:21.318"/>
</kw>
<status status="PASS" starttime="20211225 20:54:20.512" endtime="20211225 20:54:21.318"/>
</kw>
<kw name="Selected Filters Check" library="filterPageActions">
<arg>Marka</arg>
<arg>JBL</arg>
<kw name="Wait Until Page Contains" library="AppiumLibrary">
<arg>${SHOW_PRODUCT_BTN}</arg>
<arg>timeout=30</arg>
<doc>Waits until `text` appears on current page.</doc>
<status status="PASS" starttime="20211225 20:54:21.319" endtime="20211225 20:54:23.298"/>
</kw>
<kw name="Element Should Be Visible" library="AppiumLibrary">
<arg>//android.widget.TextView[@text='${filterName}']</arg>
<arg>timeout=30</arg>
<doc>Verifies that element identified with locator is visible.</doc>
<status status="PASS" starttime="20211225 20:54:23.298" endtime="20211225 20:54:23.402"/>
</kw>
<kw name="Element Should Be Visible" library="AppiumLibrary">
<arg>//android.widget.TextView[@text='${filterText}']</arg>
<arg>timeout=30</arg>
<doc>Verifies that element identified with locator is visible.</doc>
<status status="PASS" starttime="20211225 20:54:23.402" endtime="20211225 20:54:23.499"/>
</kw>
<status status="PASS" starttime="20211225 20:54:21.319" endtime="20211225 20:54:23.499"/>
</kw>
<kw name="Selected Filters Check" library="filterPageActions">
<arg>Renk</arg>
<arg>Siyah</arg>
<kw name="Wait Until Page Contains" library="AppiumLibrary">
<arg>${SHOW_PRODUCT_BTN}</arg>
<arg>timeout=30</arg>
<doc>Waits until `text` appears on current page.</doc>
<status status="PASS" starttime="20211225 20:54:23.500" endtime="20211225 20:54:23.592"/>
</kw>
<kw name="Element Should Be Visible" library="AppiumLibrary">
<arg>//android.widget.TextView[@text='${filterName}']</arg>
<arg>timeout=30</arg>
<doc>Verifies that element identified with locator is visible.</doc>
<status status="PASS" starttime="20211225 20:54:23.593" endtime="20211225 20:54:23.692"/>
</kw>
<kw name="Element Should Be Visible" library="AppiumLibrary">
<arg>//android.widget.TextView[@text='${filterText}']</arg>
<arg>timeout=30</arg>
<doc>Verifies that element identified with locator is visible.</doc>
<status status="PASS" starttime="20211225 20:54:23.692" endtime="20211225 20:54:23.738"/>
</kw>
<status status="PASS" starttime="20211225 20:54:23.500" endtime="20211225 20:54:23.738"/>
</kw>
<kw name="Selected Filters Check" library="filterPageActions">
<arg>Fiyat Aralığı</arg>
<arg>500 - 750 TL</arg>
<kw name="Wait Until Page Contains" library="AppiumLibrary">
<arg>${SHOW_PRODUCT_BTN}</arg>
<arg>timeout=30</arg>
<doc>Waits until `text` appears on current page.</doc>
<status status="PASS" starttime="20211225 20:54:23.739" endtime="20211225 20:54:23.781"/>
</kw>
<kw name="Element Should Be Visible" library="AppiumLibrary">
<arg>//android.widget.TextView[@text='${filterName}']</arg>
<arg>timeout=30</arg>
<doc>Verifies that element identified with locator is visible.</doc>
<status status="PASS" starttime="20211225 20:54:23.781" endtime="20211225 20:54:23.880"/>
</kw>
<kw name="Element Should Be Visible" library="AppiumLibrary">
<arg>//android.widget.TextView[@text='${filterText}']</arg>
<arg>timeout=30</arg>
<doc>Verifies that element identified with locator is visible.</doc>
<status status="PASS" starttime="20211225 20:54:23.880" endtime="20211225 20:54:23.986"/>
</kw>
<status status="PASS" starttime="20211225 20:54:23.739" endtime="20211225 20:54:23.986"/>
</kw>
<kw name="Click Show Product Button" library="filterPageActions">
<kw name="Wait And Click" library="resource">
<arg>${SHOW_PRODUCT_BTN}</arg>
<kw name="Wait Until Element Is Visible" library="AppiumLibrary">
<arg>${selector}</arg>
<arg>timeout=30</arg>
<doc>Waits until element specified with `locator` is visible.</doc>
<status status="PASS" starttime="20211225 20:54:23.987" endtime="20211225 20:54:24.066"/>
</kw>
<kw name="Click Element" library="AppiumLibrary">
<arg>${selector}</arg>
<doc>Click element identified by `locator`.</doc>
<msg timestamp="20211225 20:54:24.068" level="INFO">Clicking element 'com.pozitron.hepsiburada:id/btn_filters_main_close'.</msg>
<status status="PASS" starttime="20211225 20:54:24.066" endtime="20211225 20:54:24.218"/>
</kw>
<status status="PASS" starttime="20211225 20:54:23.987" endtime="20211225 20:54:24.219"/>
</kw>
<status status="PASS" starttime="20211225 20:54:23.986" endtime="20211225 20:54:24.219"/>
</kw>
<kw name="Select Product From Result List" library="homePageActions">
<kw name="Wait Until Page Contains" library="AppiumLibrary">
<arg>${FILTER_BTN}</arg>
<arg>timeout=30</arg>
<doc>Waits until `text` appears on current page.</doc>
<status status="PASS" starttime="20211225 20:54:24.220" endtime="20211225 20:54:27.233"/>
</kw>
<kw name="Wait And Click" library="resource">
<arg>${PRODUCT_RESULT_LST}</arg>
<kw name="Wait Until Element Is Visible" library="AppiumLibrary">
<arg>${selector}</arg>
<arg>timeout=30</arg>
<doc>Waits until element specified with `locator` is visible.</doc>
<status status="PASS" starttime="20211225 20:54:27.233" endtime="20211225 20:54:27.301"/>
</kw>
<kw name="Click Element" library="AppiumLibrary">
<arg>${selector}</arg>
<doc>Click element identified by `locator`.</doc>
<msg timestamp="20211225 20:54:27.303" level="INFO">Clicking element '//android.widget.ImageView[@content-desc="ürün fotoğrafı"][1]'.</msg>
<status status="PASS" starttime="20211225 20:54:27.301" endtime="20211225 20:54:27.410"/>
</kw>
<status status="PASS" starttime="20211225 20:54:27.233" endtime="20211225 20:54:27.410"/>
</kw>
<status status="PASS" starttime="20211225 20:54:24.219" endtime="20211225 20:54:27.410"/>
</kw>
<kw name="Click Add To Cart Button" library="productPageActions">
<kw name="Wait And Click" library="resource">
<arg>${ADD_TO_CART_BTN}</arg>
<kw name="Wait Until Element Is Visible" library="AppiumLibrary">
<arg>${selector}</arg>
<arg>timeout=30</arg>
<doc>Waits until element specified with `locator` is visible.</doc>
<status status="PASS" starttime="20211225 20:54:27.411" endtime="20211225 20:54:59.271"/>
</kw>
<kw name="Click Element" library="AppiumLibrary">
<arg>${selector}</arg>
<doc>Click element identified by `locator`.</doc>
<msg timestamp="20211225 20:54:59.273" level="INFO">Clicking element 'com.pozitron.hepsiburada:id/product_detail_add_to_cart_text'.</msg>
<status status="PASS" starttime="20211225 20:54:59.271" endtime="20211225 20:55:32.055"/>
</kw>
<status status="PASS" starttime="20211225 20:54:27.411" endtime="20211225 20:55:32.055"/>
</kw>
<status status="PASS" starttime="20211225 20:54:27.410" endtime="20211225 20:55:32.055"/>
</kw>
<kw name="Check Add To Cart Message" library="productPageActions">
<arg>Ürün sepetinizde</arg>
<kw name="Element Text Should Be" library="AppiumLibrary">
<arg>${ADD_TO_CART_MSG}</arg>
<arg>${msg}</arg>
<arg>timeout=30</arg>
<doc>Verifies element identified by ``locator`` exactly contains text ``expected``.</doc>
<msg timestamp="20211225 20:55:32.058" level="INFO">Verifying element 'com.pozitron.hepsiburada:id/productSuccesTxt' contains exactly text 'Ürün sepetinizde'.</msg>
<status status="PASS" starttime="20211225 20:55:32.056" endtime="20211225 20:55:32.296"/>
</kw>
<status status="PASS" starttime="20211225 20:55:32.055" endtime="20211225 20:55:32.296"/>
</kw>
<kw name="Click Go To Basket Button" library="productPageActions">
<kw name="Wait And Click" library="resource">
<arg>${GO_TO_BASKET_BTN}</arg>
<kw name="Wait Until Element Is Visible" library="AppiumLibrary">
<arg>${selector}</arg>
<arg>timeout=30</arg>
<doc>Waits until element specified with `locator` is visible.</doc>
<status status="PASS" starttime="20211225 20:55:32.297" endtime="20211225 20:55:32.482"/>
</kw>
<kw name="Click Element" library="AppiumLibrary">
<arg>${selector}</arg>
<doc>Click element identified by `locator`.</doc>
<msg timestamp="20211225 20:55:32.484" level="INFO">Clicking element 'com.pozitron.hepsiburada:id/goBasketTxt'.</msg>
<status status="PASS" starttime="20211225 20:55:32.482" endtime="20211225 20:55:32.645"/>
</kw>
<status status="PASS" starttime="20211225 20:55:32.296" endtime="20211225 20:55:32.645"/>
</kw>
<status status="PASS" starttime="20211225 20:55:32.296" endtime="20211225 20:55:32.645"/>
</kw>
<kw name="Check Basket Page Is Open" library="basketPageActions">
<kw name="Wait Until Element Is Visible" library="AppiumLibrary">
<arg>${BASKET_PAGE}</arg>
<arg>timeout=30s</arg>
<doc>Waits until element specified with `locator` is visible.</doc>
<status status="PASS" starttime="20211225 20:55:32.646" endtime="20211225 20:55:33.536"/>
</kw>
<status status="PASS" starttime="20211225 20:55:32.645" endtime="20211225 20:55:33.536"/>
</kw>
<kw name="Close App" library="resource" type="TEARDOWN">
<kw name="Close Application" library="AppiumLibrary">
<doc>Closes the current application and also close webdriver session.</doc>
<status status="PASS" starttime="20211225 20:55:33.537" endtime="20211225 20:55:33.959"/>
</kw>
<status status="PASS" starttime="20211225 20:55:33.537" endtime="20211225 20:55:33.959"/>
</kw>
<status status="PASS" starttime="20211225 20:52:37.653" endtime="20211225 20:55:33.959"/>
</test>
<status status="PASS" starttime="20211225 20:52:37.441" endtime="20211225 20:55:33.960"/>
</suite>
<statistics>
<total>
<stat pass="1" fail="0" skip="0">All Tests</stat>
</total>
<tag>
</tag>
<suite>
<stat pass="1" fail="0" skip="0" id="s1" name="testCase1">testCase1</stat>
</suite>
</statistics>
<errors>
</errors>
</robot>
