<?xml version="1.0" encoding="UTF-8"?>
<robot generator="Robot 4.1 (Python 3.7.5 on darwin)" generated="20211225 20:46:05.601" rpa="false" schemaversion="2">
<suite id="s1" name="Robot Interactive Console" source="/Users/uocak/.vscode/extensions/robocorp.robotframework-lsp-0.35.0/src/robotframework_ls/vendored/robotframework_interactive/robot_interactive_console.robot">
<test id="s1-t1" name="Default Task/Test">
<kw name="Interpreter Main Loop" library="MainLoop">
<status status="PASS" starttime="20211225 20:46:05.655" endtime="20211225 20:46:44.080"/>
</kw>
<status status="PASS" starttime="20211225 20:46:05.655" endtime="20211225 20:46:44.081"/>
</test>
<status status="PASS" starttime="20211225 20:46:05.603" endtime="20211225 20:46:44.082"/>
</suite>
<statistics>
<total>
<stat pass="1" fail="0" skip="0">All Tests</stat>
</total>
<tag>
</tag>
<suite>
<stat pass="1" fail="0" skip="0" id="s1" name="Robot Interactive Console">Robot Interactive Console</stat>
</suite>
</statistics>
<errors>
</errors>
</robot>
